<?xml version="1.0" encoding="UTF-8"?>
<!-- Generated by org.testng.reporters.JUnitXMLReporter -->
<testsuite ignored="0" hostname="pok3r-PC" failures="1" tests="1" name="Test" time="24.853" errors="0" timestamp="2019-11-05T17:18:43 IST">
  <testcase classname="cucumber.api.testng.AbstractTestNGCucumberTests" name="feature" time="23.425">
    <failure type="cucumber.runtime.CucumberException" message="org.openqa.selenium.JavascriptException: javascript error: Cannot read property &amp;apos;left&amp;apos; of undefined
  (Session info: chrome=78.0.3904.70)
Build info: version: &amp;apos;4.0.0-alpha-3&amp;apos;, revision: &amp;apos;8c567de6dc&amp;apos;
System info: host: &amp;apos;POK3R-PC&amp;apos;, ip: &amp;apos;192.168.42.164&amp;apos;, os.name: &amp;apos;Windows 7&amp;apos;, os.arch: &amp;apos;amd64&amp;apos;, os.version: &amp;apos;6.1&amp;apos;, java.version: &amp;apos;11&amp;apos;
Driver info: org.openqa.selenium.chrome.ChromeDriver
Capabilities {acceptInsecureCerts: false, browserName: chrome, browserVersion: 78.0.3904.70, chrome: {chromedriverVersion: 77.0.3865.40 (f484704e052e0..., userDataDir: C:\Users\pok3r\AppData\Loca...}, goog:chromeOptions: {debuggerAddress: localhost:53564}, javascriptEnabled: true, networkConnectionEnabled: false, pageLoadStrategy: normal, platform: XP, platformName: XP, proxy: Proxy(), setWindowRect: true, strictFileInteractability: false, timeouts: {implicit: 0, pageLoad: 300000, script: 30000}, unhandledPromptBehavior: dismiss and notify}
Session ID: 3ad086e6ff3bb401d1a5b9ff7fff9470">
      <![CDATA[cucumber.runtime.CucumberException: org.openqa.selenium.JavascriptException: javascript error: Cannot read property 'left' of undefined
  (Session info: chrome=78.0.3904.70)
Build info: version: '4.0.0-alpha-3', revision: '8c567de6dc'
System info: host: 'POK3R-PC', ip: '192.168.42.164', os.name: 'Windows 7', os.arch: 'amd64', os.version: '6.1', java.version: '11'
Driver info: org.openqa.selenium.chrome.ChromeDriver
Capabilities {acceptInsecureCerts: false, browserName: chrome, browserVersion: 78.0.3904.70, chrome: {chromedriverVersion: 77.0.3865.40 (f484704e052e0..., userDataDir: C:\Users\pok3r\AppData\Loca...}, goog:chromeOptions: {debuggerAddress: localhost:53564}, javascriptEnabled: true, networkConnectionEnabled: false, pageLoadStrategy: normal, platform: XP, platformName: XP, proxy: Proxy(), setWindowRect: true, strictFileInteractability: false, timeouts: {implicit: 0, pageLoad: 300000, script: 30000}, unhandledPromptBehavior: dismiss and notify}
Session ID: 3ad086e6ff3bb401d1a5b9ff7fff9470
at cucumber.api.testng.TestNGCucumberRunner.runCucumber(TestNGCucumberRunner.java:69)
at cucumber.api.testng.AbstractTestNGCucumberTests.feature(AbstractTestNGCucumberTests.java:21)
at java.base/java.util.ArrayList.forEach(ArrayList.java:1540)
Caused by: org.openqa.selenium.JavascriptException: javascript error: Cannot read property 'left' of undefined
  (Session info: chrome=78.0.3904.70)
Build info: version: '4.0.0-alpha-3', revision: '8c567de6dc'
System info: host: 'POK3R-PC', ip: '192.168.42.164', os.name: 'Windows 7', os.arch: 'amd64', os.version: '6.1', java.version: '11'
Driver info: org.openqa.selenium.chrome.ChromeDriver
Capabilities {acceptInsecureCerts: false, browserName: chrome, browserVersion: 78.0.3904.70, chrome: {chromedriverVersion: 77.0.3865.40 (f484704e052e0..., userDataDir: C:\Users\pok3r\AppData\Loca...}, goog:chromeOptions: {debuggerAddress: localhost:53564}, javascriptEnabled: true, networkConnectionEnabled: false, pageLoadStrategy: normal, platform: XP, platformName: XP, proxy: Proxy(), setWindowRect: true, strictFileInteractability: false, timeouts: {implicit: 0, pageLoad: 300000, script: 30000}, unhandledPromptBehavior: dismiss and notify}
Session ID: 3ad086e6ff3bb401d1a5b9ff7fff9470
at org.openqa.selenium.remote.codec.w3c.W3CHttpResponseCodec.createException(W3CHttpResponseCodec.java:191)
at org.openqa.selenium.remote.codec.w3c.W3CHttpResponseCodec.decode(W3CHttpResponseCodec.java:125)
at org.openqa.selenium.remote.codec.w3c.W3CHttpResponseCodec.decode(W3CHttpResponseCodec.java:52)
at org.openqa.selenium.remote.HttpCommandExecutor.execute(HttpCommandExecutor.java:161)
at org.openqa.selenium.remote.service.DriverCommandExecutor.execute(DriverCommandExecutor.java:83)
at org.openqa.selenium.remote.RemoteWebDriver.execute(RemoteWebDriver.java:576)
at org.openqa.selenium.remote.RemoteWebDriver.perform(RemoteWebDriver.java:646)
at org.openqa.selenium.interactions.Actions$BuiltAction.perform(Actions.java:613)
at stepDefination.stepDefinations.click_on_login_link(stepDefinations.java:40)
at âœ½.And Click on login link(login.feature:8)
... Removed 31 stack frames]]>
    </failure>
  </testcase> <!-- feature -->
</testsuite> <!-- Test -->
